<?xml version="1.0" encoding="UTF-8"?>
<testng-results ignored="0" total="16" passed="9" failed="7" skipped="0">
  <reporter-output>
  </reporter-output>
  <suite started-at="2026-04-10T11:35:39 GMT+07:00" name="Suite" finished-at="2026-04-10T11:42:26 GMT+07:00" duration-ms="406472">
    <groups>
    </groups>
    <test started-at="2026-04-10T11:35:39 GMT+07:00" name="RunAll" finished-at="2026-04-10T11:42:26 GMT+07:00" duration-ms="406472">
      <class name="testcases.ChangePasswordTest">
        <test-method is-config="true" signature="beforeMethod()[pri:0, instance:testcases.ChangePasswordTest@459e9125]" started-at="2026-04-10T11:40:40 GMT+07:00" name="beforeMethod" finished-at="2026-04-10T11:40:42 GMT+07:00" duration-ms="1700" status="PASS">
          <reporter-output>
          </reporter-output>
        </test-method> <!-- beforeMethod -->
        <test-method signature="TC09()[pri:0, instance:testcases.ChangePasswordTest@459e9125]" started-at="2026-04-10T11:40:42 GMT+07:00" name="TC09" finished-at="2026-04-10T11:41:22 GMT+07:00" duration-ms="40872" status="FAIL">
          <exception class="java.lang.AssertionError">
            <message>
              <![CDATA[Change password success message is not displayed as expected expected [Your password has been updated] but found [Your password has been updated!]]]>
            </message>
            <full-stacktrace>
              <![CDATA[java.lang.AssertionError: Change password success message is not displayed as expected expected [Your password has been updated] but found [Your password has been updated!]
at org.testng.Assert.fail(Assert.java:111)
at org.testng.Assert.failNotEquals(Assert.java:1578)
at org.testng.Assert.assertEqualsImpl(Assert.java:150)
at org.testng.Assert.assertEquals(Assert.java:132)
at org.testng.Assert.assertEquals(Assert.java:656)
at testcases.ChangePasswordTest.TC09(ChangePasswordTest.java:59)
at java.base/jdk.internal.reflect.DirectMethodHandleAccessor.invoke(DirectMethodHandleAccessor.java:104)
at java.base/java.lang.reflect.Method.invoke(Method.java:565)
at org.testng.internal.invokers.MethodInvocationHelper.invokeMethod(MethodInvocationHelper.java:141)
at org.testng.internal.invokers.TestInvoker.invokeMethod(TestInvoker.java:686)
at org.testng.internal.invokers.TestInvoker.invokeTestMethod(TestInvoker.java:230)
at org.testng.internal.invokers.MethodRunner.runInSequence(MethodRunner.java:63)
at org.testng.internal.invokers.TestInvoker$MethodInvocationAgent.invoke(TestInvoker.java:992)
at org.testng.internal.invokers.TestInvoker.invokeTestMethods(TestInvoker.java:203)
at org.testng.internal.invokers.TestMethodWorker.invokeTestMethods(TestMethodWorker.java:154)
at org.testng.internal.invokers.TestMethodWorker.run(TestMethodWorker.java:134)
at java.base/java.util.ArrayList.forEach(ArrayList.java:1604)
at org.testng.TestRunner.privateRun(TestRunner.java:739)
at org.testng.TestRunner.run(TestRunner.java:614)
at org.testng.SuiteRunner.runTest(SuiteRunner.java:421)
at org.testng.SuiteRunner.runSequentially(SuiteRunner.java:413)
at org.testng.SuiteRunner.privateRun(SuiteRunner.java:373)
at org.testng.SuiteRunner.run(SuiteRunner.java:312)
at org.testng.SuiteRunnerWorker.runSuite(SuiteRunnerWorker.java:52)
at org.testng.SuiteRunnerWorker.run(SuiteRunnerWorker.java:95)
at org.testng.TestNG.runSuitesSequentially(TestNG.java:1274)
at org.testng.TestNG.runSuitesLocally(TestNG.java:1208)
at org.testng.TestNG.runSuites(TestNG.java:1112)
at org.testng.TestNG.run(TestNG.java:1079)
at com.intellij.rt.testng.IDEARemoteTestNG.run(IDEARemoteTestNG.java:65)
at com.intellij.rt.testng.RemoteTestNGStarter.main(RemoteTestNGStarter.java:105)
]]>
            </full-stacktrace>
          </exception> <!-- java.lang.AssertionError -->
          <reporter-output>
          </reporter-output>
        </test-method> <!-- TC09 -->
        <test-method is-config="true" signature="afterMethod()[pri:0, instance:testcases.ChangePasswordTest@459e9125]" started-at="2026-04-10T11:41:25 GMT+07:00" name="afterMethod" finished-at="2026-04-10T11:41:26 GMT+07:00" duration-ms="343" status="PASS">
          <reporter-output>
          </reporter-output>
        </test-method> <!-- afterMethod -->
      </class> <!-- testcases.ChangePasswordTest -->
      <class name="testcases.BookTicketTest">
        <test-method is-config="true" signature="beforeMethod()[pri:0, instance:testcases.BookTicketTest@1283bb96]" started-at="2026-04-10T11:39:19 GMT+07:00" name="beforeMethod" finished-at="2026-04-10T11:39:20 GMT+07:00" duration-ms="1823" status="PASS">
          <reporter-output>
          </reporter-output>
        </test-method> <!-- beforeMethod -->
        <test-method signature="TC14()[pri:0, instance:testcases.BookTicketTest@1283bb96]" started-at="2026-04-10T11:39:20 GMT+07:00" name="TC14" finished-at="2026-04-10T11:39:44 GMT+07:00" duration-ms="23143" status="PASS">
          <reporter-output>
          </reporter-output>
        </test-method> <!-- TC14 -->
        <test-method is-config="true" signature="afterMethod()[pri:0, instance:testcases.BookTicketTest@1283bb96]" started-at="2026-04-10T11:39:44 GMT+07:00" name="afterMethod" finished-at="2026-04-10T11:39:44 GMT+07:00" duration-ms="383" status="PASS">
          <reporter-output>
          </reporter-output>
        </test-method> <!-- afterMethod -->
        <test-method is-config="true" signature="beforeMethod()[pri:0, instance:testcases.BookTicketTest@1283bb96]" started-at="2026-04-10T11:39:44 GMT+07:00" name="beforeMethod" finished-at="2026-04-10T11:39:46 GMT+07:00" duration-ms="1865" status="PASS">
          <reporter-output>
          </reporter-output>
        </test-method> <!-- beforeMethod -->
        <test-method signature="TC15()[pri:0, instance:testcases.BookTicketTest@1283bb96]" started-at="2026-04-10T11:39:46 GMT+07:00" name="TC15" finished-at="2026-04-10T11:40:06 GMT+07:00" duration-ms="20229" status="PASS">
          <reporter-output>
          </reporter-output>
        </test-method> <!-- TC15 -->
        <test-method is-config="true" signature="afterMethod()[pri:0, instance:testcases.BookTicketTest@1283bb96]" started-at="2026-04-10T11:40:06 GMT+07:00" name="afterMethod" finished-at="2026-04-10T11:40:06 GMT+07:00" duration-ms="371" status="PASS">
          <reporter-output>
          </reporter-output>
        </test-method> <!-- afterMethod -->
      </class> <!-- testcases.BookTicketTest -->
      <class name="testcases.RegisterTest">
        <test-method is-config="true" signature="beforeMethod()[pri:0, instance:testcases.RegisterTest@72967906]" started-at="2026-04-10T11:37:54 GMT+07:00" name="beforeMethod" finished-at="2026-04-10T11:37:55 GMT+07:00" duration-ms="1480" status="PASS">
          <reporter-output>
          </reporter-output>
        </test-method> <!-- beforeMethod -->
        <test-method signature="TC07()[pri:0, instance:testcases.RegisterTest@72967906]" started-at="2026-04-10T11:37:55 GMT+07:00" name="TC07" finished-at="2026-04-10T11:38:12 GMT+07:00" duration-ms="17085" status="FAIL">
          <exception class="java.lang.AssertionError">
            <message>
              <![CDATA[Register success message is not displayed as expected expected [Thank you for registering your account] but found [Registration Confirmed! You can now log in to the site.]]]>
            </message>
            <full-stacktrace>
              <![CDATA[java.lang.AssertionError: Register success message is not displayed as expected expected [Thank you for registering your account] but found [Registration Confirmed! You can now log in to the site.]
at org.testng.Assert.fail(Assert.java:111)
at org.testng.Assert.failNotEquals(Assert.java:1578)
at org.testng.Assert.assertEqualsImpl(Assert.java:150)
at org.testng.Assert.assertEquals(Assert.java:132)
at org.testng.Assert.assertEquals(Assert.java:656)
at testcases.RegisterTest.TC07(RegisterTest.java:51)
at java.base/jdk.internal.reflect.DirectMethodHandleAccessor.invoke(DirectMethodHandleAccessor.java:104)
at java.base/java.lang.reflect.Method.invoke(Method.java:565)
at org.testng.internal.invokers.MethodInvocationHelper.invokeMethod(MethodInvocationHelper.java:141)
at org.testng.internal.invokers.TestInvoker.invokeMethod(TestInvoker.java:686)
at org.testng.internal.invokers.TestInvoker.invokeTestMethod(TestInvoker.java:230)
at org.testng.internal.invokers.MethodRunner.runInSequence(MethodRunner.java:63)
at org.testng.internal.invokers.TestInvoker$MethodInvocationAgent.invoke(TestInvoker.java:992)
at org.testng.internal.invokers.TestInvoker.invokeTestMethods(TestInvoker.java:203)
at org.testng.internal.invokers.TestMethodWorker.invokeTestMethods(TestMethodWorker.java:154)
at org.testng.internal.invokers.TestMethodWorker.run(TestMethodWorker.java:134)
at java.base/java.util.ArrayList.forEach(ArrayList.java:1604)
at org.testng.TestRunner.privateRun(TestRunner.java:739)
at org.testng.TestRunner.run(TestRunner.java:614)
at org.testng.SuiteRunner.runTest(SuiteRunner.java:421)
at org.testng.SuiteRunner.runSequentially(SuiteRunner.java:413)
at org.testng.SuiteRunner.privateRun(SuiteRunner.java:373)
at org.testng.SuiteRunner.run(SuiteRunner.java:312)
at org.testng.SuiteRunnerWorker.runSuite(SuiteRunnerWorker.java:52)
at org.testng.SuiteRunnerWorker.run(SuiteRunnerWorker.java:95)
at org.testng.TestNG.runSuitesSequentially(TestNG.java:1274)
at org.testng.TestNG.runSuitesLocally(TestNG.java:1208)
at org.testng.TestNG.runSuites(TestNG.java:1112)
at org.testng.TestNG.run(TestNG.java:1079)
at com.intellij.rt.testng.IDEARemoteTestNG.run(IDEARemoteTestNG.java:65)
at com.intellij.rt.testng.RemoteTestNGStarter.main(RemoteTestNGStarter.java:105)
]]>
            </full-stacktrace>
          </exception> <!-- java.lang.AssertionError -->
          <reporter-output>
          </reporter-output>
        </test-method> <!-- TC07 -->
        <test-method is-config="true" signature="afterMethod()[pri:0, instance:testcases.RegisterTest@72967906]" started-at="2026-04-10T11:38:15 GMT+07:00" name="afterMethod" finished-at="2026-04-10T11:38:16 GMT+07:00" duration-ms="533" status="PASS">
          <reporter-output>
          </reporter-output>
        </test-method> <!-- afterMethod -->
        <test-method is-config="true" signature="beforeMethod()[pri:0, instance:testcases.RegisterTest@72967906]" started-at="2026-04-10T11:38:16 GMT+07:00" name="beforeMethod" finished-at="2026-04-10T11:38:18 GMT+07:00" duration-ms="2149" status="PASS">
          <reporter-output>
          </reporter-output>
        </test-method> <!-- beforeMethod -->
        <test-method signature="TC08()[pri:0, instance:testcases.RegisterTest@72967906]" started-at="2026-04-10T11:38:18 GMT+07:00" name="TC08" finished-at="2026-04-10T11:38:35 GMT+07:00" duration-ms="16936" status="PASS">
          <reporter-output>
          </reporter-output>
        </test-method> <!-- TC08 -->
        <test-method is-config="true" signature="afterMethod()[pri:0, instance:testcases.RegisterTest@72967906]" started-at="2026-04-10T11:38:35 GMT+07:00" name="afterMethod" finished-at="2026-04-10T11:38:35 GMT+07:00" duration-ms="402" status="PASS">
          <reporter-output>
          </reporter-output>
        </test-method> <!-- afterMethod -->
        <test-method is-config="true" signature="beforeMethod()[pri:0, instance:testcases.RegisterTest@72967906]" started-at="2026-04-10T11:38:35 GMT+07:00" name="beforeMethod" finished-at="2026-04-10T11:38:37 GMT+07:00" duration-ms="1748" status="PASS">
          <reporter-output>
          </reporter-output>
        </test-method> <!-- beforeMethod -->
        <test-method signature="TC10()[pri:0, instance:testcases.RegisterTest@72967906]" started-at="2026-04-10T11:38:37 GMT+07:00" name="TC10" finished-at="2026-04-10T11:38:53 GMT+07:00" duration-ms="16175" status="PASS">
          <reporter-output>
          </reporter-output>
        </test-method> <!-- TC10 -->
        <test-method is-config="true" signature="afterMethod()[pri:0, instance:testcases.RegisterTest@72967906]" started-at="2026-04-10T11:38:53 GMT+07:00" name="afterMethod" finished-at="2026-04-10T11:38:54 GMT+07:00" duration-ms="335" status="PASS">
          <reporter-output>
          </reporter-output>
        </test-method> <!-- afterMethod -->
        <test-method is-config="true" signature="beforeMethod()[pri:0, instance:testcases.RegisterTest@72967906]" started-at="2026-04-10T11:38:54 GMT+07:00" name="beforeMethod" finished-at="2026-04-10T11:38:55 GMT+07:00" duration-ms="1754" status="PASS">
          <reporter-output>
          </reporter-output>
        </test-method> <!-- beforeMethod -->
        <test-method signature="TC11()[pri:0, instance:testcases.RegisterTest@72967906]" started-at="2026-04-10T11:38:55 GMT+07:00" name="TC11" finished-at="2026-04-10T11:39:15 GMT+07:00" duration-ms="19952" status="FAIL">
          <exception class="java.lang.AssertionError">
            <message>
              <![CDATA[Password error message is not displayed as expected expected [Invalid password length.] but found [Invalid password length]]]>
            </message>
            <full-stacktrace>
              <![CDATA[java.lang.AssertionError: Password error message is not displayed as expected expected [Invalid password length.] but found [Invalid password length]
at org.testng.Assert.fail(Assert.java:111)
at org.testng.Assert.failNotEquals(Assert.java:1578)
at org.testng.Assert.assertEqualsImpl(Assert.java:150)
at org.testng.Assert.assertEquals(Assert.java:132)
at org.testng.Assert.assertEquals(Assert.java:656)
at testcases.RegisterTest.TC11(RegisterTest.java:139)
at java.base/jdk.internal.reflect.DirectMethodHandleAccessor.invoke(DirectMethodHandleAccessor.java:104)
at java.base/java.lang.reflect.Method.invoke(Method.java:565)
at org.testng.internal.invokers.MethodInvocationHelper.invokeMethod(MethodInvocationHelper.java:141)
at org.testng.internal.invokers.TestInvoker.invokeMethod(TestInvoker.java:686)
at org.testng.internal.invokers.TestInvoker.invokeTestMethod(TestInvoker.java:230)
at org.testng.internal.invokers.MethodRunner.runInSequence(MethodRunner.java:63)
at org.testng.internal.invokers.TestInvoker$MethodInvocationAgent.invoke(TestInvoker.java:992)
at org.testng.internal.invokers.TestInvoker.invokeTestMethods(TestInvoker.java:203)
at org.testng.internal.invokers.TestMethodWorker.invokeTestMethods(TestMethodWorker.java:154)
at org.testng.internal.invokers.TestMethodWorker.run(TestMethodWorker.java:134)
at java.base/java.util.ArrayList.forEach(ArrayList.java:1604)
at org.testng.TestRunner.privateRun(TestRunner.java:739)
at org.testng.TestRunner.run(TestRunner.java:614)
at org.testng.SuiteRunner.runTest(SuiteRunner.java:421)
at org.testng.SuiteRunner.runSequentially(SuiteRunner.java:413)
at org.testng.SuiteRunner.privateRun(SuiteRunner.java:373)
at org.testng.SuiteRunner.run(SuiteRunner.java:312)
at org.testng.SuiteRunnerWorker.runSuite(SuiteRunnerWorker.java:52)
at org.testng.SuiteRunnerWorker.run(SuiteRunnerWorker.java:95)
at org.testng.TestNG.runSuitesSequentially(TestNG.java:1274)
at org.testng.TestNG.runSuitesLocally(TestNG.java:1208)
at org.testng.TestNG.runSuites(TestNG.java:1112)
at org.testng.TestNG.run(TestNG.java:1079)
at com.intellij.rt.testng.IDEARemoteTestNG.run(IDEARemoteTestNG.java:65)
at com.intellij.rt.testng.RemoteTestNGStarter.main(RemoteTestNGStarter.java:105)
]]>
            </full-stacktrace>
          </exception> <!-- java.lang.AssertionError -->
          <reporter-output>
          </reporter-output>
        </test-method> <!-- TC11 -->
        <test-method is-config="true" signature="afterMethod()[pri:0, instance:testcases.RegisterTest@72967906]" started-at="2026-04-10T11:39:18 GMT+07:00" name="afterMethod" finished-at="2026-04-10T11:39:19 GMT+07:00" duration-ms="374" status="PASS">
          <reporter-output>
          </reporter-output>
        </test-method> <!-- afterMethod -->
      </class> <!-- testcases.RegisterTest -->
      <class name="testcases.ResetPasswordTest">
        <test-method is-config="true" signature="beforeMethod()[pri:0, instance:testcases.ResetPasswordTest@55182842]" started-at="2026-04-10T11:41:26 GMT+07:00" name="beforeMethod" finished-at="2026-04-10T11:41:33 GMT+07:00" duration-ms="7274" status="PASS">
          <reporter-output>
          </reporter-output>
        </test-method> <!-- beforeMethod -->
        <test-method signature="TC12()[pri:0, instance:testcases.ResetPasswordTest@55182842]" started-at="2026-04-10T11:41:33 GMT+07:00" name="TC12" finished-at="2026-04-10T11:41:56 GMT+07:00" duration-ms="22791" status="FAIL">
          <exception class="java.lang.AssertionError">
            <message>
              <![CDATA[Form error message is not displayed as expected expected [The password reset token is incorrect or may be expired. Visit the forgot password page to generate a new one.] but found [Could not reset password. Please correct the errors and try again.]]]>
            </message>
            <full-stacktrace>
              <![CDATA[java.lang.AssertionError: Form error message is not displayed as expected expected [The password reset token is incorrect or may be expired. Visit the forgot password page to generate a new one.] but found [Could not reset password. Please correct the errors and try again.]
at org.testng.Assert.fail(Assert.java:111)
at org.testng.Assert.failNotEquals(Assert.java:1578)
at org.testng.Assert.assertEqualsImpl(Assert.java:150)
at org.testng.Assert.assertEquals(Assert.java:132)
at org.testng.Assert.assertEquals(Assert.java:656)
at testcases.ResetPasswordTest.TC12(ResetPasswordTest.java:64)
at java.base/jdk.internal.reflect.DirectMethodHandleAccessor.invoke(DirectMethodHandleAccessor.java:104)
at java.base/java.lang.reflect.Method.invoke(Method.java:565)
at org.testng.internal.invokers.MethodInvocationHelper.invokeMethod(MethodInvocationHelper.java:141)
at org.testng.internal.invokers.TestInvoker.invokeMethod(TestInvoker.java:686)
at org.testng.internal.invokers.TestInvoker.invokeTestMethod(TestInvoker.java:230)
at org.testng.internal.invokers.MethodRunner.runInSequence(MethodRunner.java:63)
at org.testng.internal.invokers.TestInvoker$MethodInvocationAgent.invoke(TestInvoker.java:992)
at org.testng.internal.invokers.TestInvoker.invokeTestMethods(TestInvoker.java:203)
at org.testng.internal.invokers.TestMethodWorker.invokeTestMethods(TestMethodWorker.java:154)
at org.testng.internal.invokers.TestMethodWorker.run(TestMethodWorker.java:134)
at java.base/java.util.ArrayList.forEach(ArrayList.java:1604)
at org.testng.TestRunner.privateRun(TestRunner.java:739)
at org.testng.TestRunner.run(TestRunner.java:614)
at org.testng.SuiteRunner.runTest(SuiteRunner.java:421)
at org.testng.SuiteRunner.runSequentially(SuiteRunner.java:413)
at org.testng.SuiteRunner.privateRun(SuiteRunner.java:373)
at org.testng.SuiteRunner.run(SuiteRunner.java:312)
at org.testng.SuiteRunnerWorker.runSuite(SuiteRunnerWorker.java:52)
at org.testng.SuiteRunnerWorker.run(SuiteRunnerWorker.java:95)
at org.testng.TestNG.runSuitesSequentially(TestNG.java:1274)
at org.testng.TestNG.runSuitesLocally(TestNG.java:1208)
at org.testng.TestNG.runSuites(TestNG.java:1112)
at org.testng.TestNG.run(TestNG.java:1079)
at com.intellij.rt.testng.IDEARemoteTestNG.run(IDEARemoteTestNG.java:65)
at com.intellij.rt.testng.RemoteTestNGStarter.main(RemoteTestNGStarter.java:105)
]]>
            </full-stacktrace>
          </exception> <!-- java.lang.AssertionError -->
          <reporter-output>
          </reporter-output>
        </test-method> <!-- TC12 -->
        <test-method is-config="true" signature="afterMethod()[pri:0, instance:testcases.ResetPasswordTest@55182842]" started-at="2026-04-10T11:41:58 GMT+07:00" name="afterMethod" finished-at="2026-04-10T11:41:59 GMT+07:00" duration-ms="366" status="PASS">
          <reporter-output>
          </reporter-output>
        </test-method> <!-- afterMethod -->
        <test-method is-config="true" signature="beforeMethod()[pri:0, instance:testcases.ResetPasswordTest@55182842]" started-at="2026-04-10T11:41:59 GMT+07:00" name="beforeMethod" finished-at="2026-04-10T11:42:01 GMT+07:00" duration-ms="2037" status="PASS">
          <reporter-output>
          </reporter-output>
        </test-method> <!-- beforeMethod -->
        <test-method signature="TC13()[pri:0, instance:testcases.ResetPasswordTest@55182842]" started-at="2026-04-10T11:42:01 GMT+07:00" name="TC13" finished-at="2026-04-10T11:42:25 GMT+07:00" duration-ms="24449" status="PASS">
          <reporter-output>
          </reporter-output>
        </test-method> <!-- TC13 -->
        <test-method is-config="true" signature="afterMethod()[pri:0, instance:testcases.ResetPasswordTest@55182842]" started-at="2026-04-10T11:42:25 GMT+07:00" name="afterMethod" finished-at="2026-04-10T11:42:26 GMT+07:00" duration-ms="377" status="PASS">
          <reporter-output>
          </reporter-output>
        </test-method> <!-- afterMethod -->
      </class> <!-- testcases.ResetPasswordTest -->
      <class name="testcases.CancelTicketTest">
        <test-method is-config="true" signature="beforeMethod()[pri:0, instance:testcases.CancelTicketTest@799f10e1]" started-at="2026-04-10T11:40:06 GMT+07:00" name="beforeMethod" finished-at="2026-04-10T11:40:08 GMT+07:00" duration-ms="1554" status="PASS">
          <reporter-output>
          </reporter-output>
        </test-method> <!-- beforeMethod -->
        <test-method signature="TC16()[pri:0, instance:testcases.CancelTicketTest@799f10e1]" started-at="2026-04-10T11:40:08 GMT+07:00" name="TC16" finished-at="2026-04-10T11:40:40 GMT+07:00" duration-ms="31588" status="PASS">
          <reporter-output>
          </reporter-output>
        </test-method> <!-- TC16 -->
        <test-method is-config="true" signature="afterMethod()[pri:0, instance:testcases.CancelTicketTest@799f10e1]" started-at="2026-04-10T11:40:40 GMT+07:00" name="afterMethod" finished-at="2026-04-10T11:40:40 GMT+07:00" duration-ms="348" status="PASS">
          <reporter-output>
          </reporter-output>
        </test-method> <!-- afterMethod -->
      </class> <!-- testcases.CancelTicketTest -->
      <class name="testcases.LoginTest">
        <test-method is-config="true" signature="beforeMethod()[pri:0, instance:testcases.LoginTest@47af7f3d]" started-at="2026-04-10T11:35:39 GMT+07:00" name="beforeMethod" finished-at="2026-04-10T11:35:42 GMT+07:00" duration-ms="2864" status="PASS">
          <reporter-output>
          </reporter-output>
        </test-method> <!-- beforeMethod -->
        <test-method signature="TC01()[pri:0, instance:testcases.LoginTest@47af7f3d]" started-at="2026-04-10T11:35:42 GMT+07:00" name="TC01" finished-at="2026-04-10T11:36:03 GMT+07:00" duration-ms="20563" status="PASS">
          <reporter-output>
          </reporter-output>
        </test-method> <!-- TC01 -->
        <test-method is-config="true" signature="afterMethod()[pri:0, instance:testcases.LoginTest@47af7f3d]" started-at="2026-04-10T11:36:03 GMT+07:00" name="afterMethod" finished-at="2026-04-10T11:36:03 GMT+07:00" duration-ms="271" status="PASS">
          <reporter-output>
          </reporter-output>
        </test-method> <!-- afterMethod -->
        <test-method is-config="true" signature="beforeMethod()[pri:0, instance:testcases.LoginTest@47af7f3d]" started-at="2026-04-10T11:36:03 GMT+07:00" name="beforeMethod" finished-at="2026-04-10T11:36:05 GMT+07:00" duration-ms="1528" status="PASS">
          <reporter-output>
          </reporter-output>
        </test-method> <!-- beforeMethod -->
        <test-method signature="TC02()[pri:0, instance:testcases.LoginTest@47af7f3d]" started-at="2026-04-10T11:36:05 GMT+07:00" name="TC02" finished-at="2026-04-10T11:36:18 GMT+07:00" duration-ms="13134" status="FAIL">
          <exception class="java.lang.AssertionError">
            <message>
              <![CDATA[Error: The error message displayed does not match the Excel requirements! expected [There was a problem with your login and/or errors exist in your form. ] but found [There was a problem with your login and/or errors exist in your form.]]]>
            </message>
            <full-stacktrace>
              <![CDATA[java.lang.AssertionError: Error: The error message displayed does not match the Excel requirements! expected [There was a problem with your login and/or errors exist in your form. ] but found [There was a problem with your login and/or errors exist in your form.]
at org.testng.Assert.fail(Assert.java:111)
at org.testng.Assert.failNotEquals(Assert.java:1578)
at org.testng.Assert.assertEqualsImpl(Assert.java:150)
at org.testng.Assert.assertEquals(Assert.java:132)
at org.testng.Assert.assertEquals(Assert.java:656)
at testcases.LoginTest.TC02(LoginTest.java:75)
at java.base/jdk.internal.reflect.DirectMethodHandleAccessor.invoke(DirectMethodHandleAccessor.java:104)
at java.base/java.lang.reflect.Method.invoke(Method.java:565)
at org.testng.internal.invokers.MethodInvocationHelper.invokeMethod(MethodInvocationHelper.java:141)
at org.testng.internal.invokers.TestInvoker.invokeMethod(TestInvoker.java:686)
at org.testng.internal.invokers.TestInvoker.invokeTestMethod(TestInvoker.java:230)
at org.testng.internal.invokers.MethodRunner.runInSequence(MethodRunner.java:63)
at org.testng.internal.invokers.TestInvoker$MethodInvocationAgent.invoke(TestInvoker.java:992)
at org.testng.internal.invokers.TestInvoker.invokeTestMethods(TestInvoker.java:203)
at org.testng.internal.invokers.TestMethodWorker.invokeTestMethods(TestMethodWorker.java:154)
at org.testng.internal.invokers.TestMethodWorker.run(TestMethodWorker.java:134)
at java.base/java.util.ArrayList.forEach(ArrayList.java:1604)
at org.testng.TestRunner.privateRun(TestRunner.java:739)
at org.testng.TestRunner.run(TestRunner.java:614)
at org.testng.SuiteRunner.runTest(SuiteRunner.java:421)
at org.testng.SuiteRunner.runSequentially(SuiteRunner.java:413)
at org.testng.SuiteRunner.privateRun(SuiteRunner.java:373)
at org.testng.SuiteRunner.run(SuiteRunner.java:312)
at org.testng.SuiteRunnerWorker.runSuite(SuiteRunnerWorker.java:52)
at org.testng.SuiteRunnerWorker.run(SuiteRunnerWorker.java:95)
at org.testng.TestNG.runSuitesSequentially(TestNG.java:1274)
at org.testng.TestNG.runSuitesLocally(TestNG.java:1208)
at org.testng.TestNG.runSuites(TestNG.java:1112)
at org.testng.TestNG.run(TestNG.java:1079)
at com.intellij.rt.testng.IDEARemoteTestNG.run(IDEARemoteTestNG.java:65)
at com.intellij.rt.testng.RemoteTestNGStarter.main(RemoteTestNGStarter.java:105)
]]>
            </full-stacktrace>
          </exception> <!-- java.lang.AssertionError -->
          <reporter-output>
          </reporter-output>
        </test-method> <!-- TC02 -->
        <test-method is-config="true" signature="afterMethod()[pri:0, instance:testcases.LoginTest@47af7f3d]" started-at="2026-04-10T11:36:20 GMT+07:00" name="afterMethod" finished-at="2026-04-10T11:36:21 GMT+07:00" duration-ms="382" status="PASS">
          <reporter-output>
          </reporter-output>
        </test-method> <!-- afterMethod -->
        <test-method is-config="true" signature="beforeMethod()[pri:0, instance:testcases.LoginTest@47af7f3d]" started-at="2026-04-10T11:36:21 GMT+07:00" name="beforeMethod" finished-at="2026-04-10T11:36:22 GMT+07:00" duration-ms="1685" status="PASS">
          <reporter-output>
          </reporter-output>
        </test-method> <!-- beforeMethod -->
        <test-method signature="TC03()[pri:0, instance:testcases.LoginTest@47af7f3d]" started-at="2026-04-10T11:36:22 GMT+07:00" name="TC03" finished-at="2026-04-10T11:36:36 GMT+07:00" duration-ms="13492" status="FAIL">
          <exception class="java.lang.AssertionError">
            <message>
              <![CDATA[Error message is not displayed as expected expected [There was a problem with your login and/or errors exist in your form.] but found [Invalid username or password. Please try again.]]]>
            </message>
            <full-stacktrace>
              <![CDATA[java.lang.AssertionError: Error message is not displayed as expected expected [There was a problem with your login and/or errors exist in your form.] but found [Invalid username or password. Please try again.]
at org.testng.Assert.fail(Assert.java:111)
at org.testng.Assert.failNotEquals(Assert.java:1578)
at org.testng.Assert.assertEqualsImpl(Assert.java:150)
at org.testng.Assert.assertEquals(Assert.java:132)
at org.testng.Assert.assertEquals(Assert.java:656)
at testcases.LoginTest.TC03(LoginTest.java:95)
at java.base/jdk.internal.reflect.DirectMethodHandleAccessor.invoke(DirectMethodHandleAccessor.java:104)
at java.base/java.lang.reflect.Method.invoke(Method.java:565)
at org.testng.internal.invokers.MethodInvocationHelper.invokeMethod(MethodInvocationHelper.java:141)
at org.testng.internal.invokers.TestInvoker.invokeMethod(TestInvoker.java:686)
at org.testng.internal.invokers.TestInvoker.invokeTestMethod(TestInvoker.java:230)
at org.testng.internal.invokers.MethodRunner.runInSequence(MethodRunner.java:63)
at org.testng.internal.invokers.TestInvoker$MethodInvocationAgent.invoke(TestInvoker.java:992)
at org.testng.internal.invokers.TestInvoker.invokeTestMethods(TestInvoker.java:203)
at org.testng.internal.invokers.TestMethodWorker.invokeTestMethods(TestMethodWorker.java:154)
at org.testng.internal.invokers.TestMethodWorker.run(TestMethodWorker.java:134)
at java.base/java.util.ArrayList.forEach(ArrayList.java:1604)
at org.testng.TestRunner.privateRun(TestRunner.java:739)
at org.testng.TestRunner.run(TestRunner.java:614)
at org.testng.SuiteRunner.runTest(SuiteRunner.java:421)
at org.testng.SuiteRunner.runSequentially(SuiteRunner.java:413)
at org.testng.SuiteRunner.privateRun(SuiteRunner.java:373)
at org.testng.SuiteRunner.run(SuiteRunner.java:312)
at org.testng.SuiteRunnerWorker.runSuite(SuiteRunnerWorker.java:52)
at org.testng.SuiteRunnerWorker.run(SuiteRunnerWorker.java:95)
at org.testng.TestNG.runSuitesSequentially(TestNG.java:1274)
at org.testng.TestNG.runSuitesLocally(TestNG.java:1208)
at org.testng.TestNG.runSuites(TestNG.java:1112)
at org.testng.TestNG.run(TestNG.java:1079)
at com.intellij.rt.testng.IDEARemoteTestNG.run(IDEARemoteTestNG.java:65)
at com.intellij.rt.testng.RemoteTestNGStarter.main(RemoteTestNGStarter.java:105)
]]>
            </full-stacktrace>
          </exception> <!-- java.lang.AssertionError -->
          <reporter-output>
          </reporter-output>
        </test-method> <!-- TC03 -->
        <test-method is-config="true" signature="afterMethod()[pri:0, instance:testcases.LoginTest@47af7f3d]" started-at="2026-04-10T11:36:39 GMT+07:00" name="afterMethod" finished-at="2026-04-10T11:36:39 GMT+07:00" duration-ms="276" status="PASS">
          <reporter-output>
          </reporter-output>
        </test-method> <!-- afterMethod -->
        <test-method is-config="true" signature="beforeMethod()[pri:0, instance:testcases.LoginTest@47af7f3d]" started-at="2026-04-10T11:36:39 GMT+07:00" name="beforeMethod" finished-at="2026-04-10T11:36:40 GMT+07:00" duration-ms="1592" status="PASS">
          <reporter-output>
          </reporter-output>
        </test-method> <!-- beforeMethod -->
        <test-method signature="TC04()[pri:0, instance:testcases.LoginTest@47af7f3d]" started-at="2026-04-10T11:36:40 GMT+07:00" name="TC04" finished-at="2026-04-10T11:36:50 GMT+07:00" duration-ms="9229" status="PASS">
          <reporter-output>
          </reporter-output>
        </test-method> <!-- TC04 -->
        <test-method is-config="true" signature="afterMethod()[pri:0, instance:testcases.LoginTest@47af7f3d]" started-at="2026-04-10T11:36:50 GMT+07:00" name="afterMethod" finished-at="2026-04-10T11:36:50 GMT+07:00" duration-ms="306" status="PASS">
          <reporter-output>
          </reporter-output>
        </test-method> <!-- afterMethod -->
        <test-method is-config="true" signature="beforeMethod()[pri:0, instance:testcases.LoginTest@47af7f3d]" started-at="2026-04-10T11:36:50 GMT+07:00" name="beforeMethod" finished-at="2026-04-10T11:36:51 GMT+07:00" duration-ms="1504" status="PASS">
          <reporter-output>
          </reporter-output>
        </test-method> <!-- beforeMethod -->
        <test-method signature="TC05()[pri:0, instance:testcases.LoginTest@47af7f3d]" started-at="2026-04-10T11:36:51 GMT+07:00" name="TC05" finished-at="2026-04-10T11:37:32 GMT+07:00" duration-ms="41030" status="FAIL">
          <exception class="java.lang.AssertionError">
            <message>
              <![CDATA[Error: The TC05 error message does not match the Excel requirements! expected [You have used 4 out of 5 login attempts. After all 5 have been used, you will be unable to login for 15 minutes.] but found [Invalid username or password. Please try again.]]]>
            </message>
            <full-stacktrace>
              <![CDATA[java.lang.AssertionError: Error: The TC05 error message does not match the Excel requirements! expected [You have used 4 out of 5 login attempts. After all 5 have been used, you will be unable to login for 15 minutes.] but found [Invalid username or password. Please try again.]
at org.testng.Assert.fail(Assert.java:111)
at org.testng.Assert.failNotEquals(Assert.java:1578)
at org.testng.Assert.assertEqualsImpl(Assert.java:150)
at org.testng.Assert.assertEquals(Assert.java:132)
at org.testng.Assert.assertEquals(Assert.java:656)
at testcases.LoginTest.TC05(LoginTest.java:139)
at java.base/jdk.internal.reflect.DirectMethodHandleAccessor.invoke(DirectMethodHandleAccessor.java:104)
at java.base/java.lang.reflect.Method.invoke(Method.java:565)
at org.testng.internal.invokers.MethodInvocationHelper.invokeMethod(MethodInvocationHelper.java:141)
at org.testng.internal.invokers.TestInvoker.invokeMethod(TestInvoker.java:686)
at org.testng.internal.invokers.TestInvoker.invokeTestMethod(TestInvoker.java:230)
at org.testng.internal.invokers.MethodRunner.runInSequence(MethodRunner.java:63)
at org.testng.internal.invokers.TestInvoker$MethodInvocationAgent.invoke(TestInvoker.java:992)
at org.testng.internal.invokers.TestInvoker.invokeTestMethods(TestInvoker.java:203)
at org.testng.internal.invokers.TestMethodWorker.invokeTestMethods(TestMethodWorker.java:154)
at org.testng.internal.invokers.TestMethodWorker.run(TestMethodWorker.java:134)
at java.base/java.util.ArrayList.forEach(ArrayList.java:1604)
at org.testng.TestRunner.privateRun(TestRunner.java:739)
at org.testng.TestRunner.run(TestRunner.java:614)
at org.testng.SuiteRunner.runTest(SuiteRunner.java:421)
at org.testng.SuiteRunner.runSequentially(SuiteRunner.java:413)
at org.testng.SuiteRunner.privateRun(SuiteRunner.java:373)
at org.testng.SuiteRunner.run(SuiteRunner.java:312)
at org.testng.SuiteRunnerWorker.runSuite(SuiteRunnerWorker.java:52)
at org.testng.SuiteRunnerWorker.run(SuiteRunnerWorker.java:95)
at org.testng.TestNG.runSuitesSequentially(TestNG.java:1274)
at org.testng.TestNG.runSuitesLocally(TestNG.java:1208)
at org.testng.TestNG.runSuites(TestNG.java:1112)
at org.testng.TestNG.run(TestNG.java:1079)
at com.intellij.rt.testng.IDEARemoteTestNG.run(IDEARemoteTestNG.java:65)
at com.intellij.rt.testng.RemoteTestNGStarter.main(RemoteTestNGStarter.java:105)
]]>
            </full-stacktrace>
          </exception> <!-- java.lang.AssertionError -->
          <reporter-output>
          </reporter-output>
        </test-method> <!-- TC05 -->
        <test-method is-config="true" signature="afterMethod()[pri:0, instance:testcases.LoginTest@47af7f3d]" started-at="2026-04-10T11:37:35 GMT+07:00" name="afterMethod" finished-at="2026-04-10T11:37:35 GMT+07:00" duration-ms="298" status="PASS">
          <reporter-output>
          </reporter-output>
        </test-method> <!-- afterMethod -->
        <test-method is-config="true" signature="beforeMethod()[pri:0, instance:testcases.LoginTest@47af7f3d]" started-at="2026-04-10T11:37:35 GMT+07:00" name="beforeMethod" finished-at="2026-04-10T11:37:37 GMT+07:00" duration-ms="1515" status="PASS">
          <reporter-output>
          </reporter-output>
        </test-method> <!-- beforeMethod -->
        <test-method signature="TC06()[pri:0, instance:testcases.LoginTest@47af7f3d]" started-at="2026-04-10T11:37:37 GMT+07:00" name="TC06" finished-at="2026-04-10T11:37:54 GMT+07:00" duration-ms="16675" status="PASS">
          <reporter-output>
          </reporter-output>
        </test-method> <!-- TC06 -->
        <test-method is-config="true" signature="afterMethod()[pri:0, instance:testcases.LoginTest@47af7f3d]" started-at="2026-04-10T11:37:54 GMT+07:00" name="afterMethod" finished-at="2026-04-10T11:37:54 GMT+07:00" duration-ms="264" status="PASS">
          <reporter-output>
          </reporter-output>
        </test-method> <!-- afterMethod -->
      </class> <!-- testcases.LoginTest -->
    </test> <!-- RunAll -->
  </suite> <!-- Suite -->
</testng-results>
