<?xml version="1.0" encoding="UTF-8"?>
<!-- Generated by org.testng.reporters.JUnitXMLReporter -->
<testsuite ignored="0" hostname="LAPTOP-GHF0DUCU" failures="7" tests="16" name="RunAll" time="406.472" errors="0" timestamp="2026-04-10T11:42:26 GMT+07:00">
  <testcase classname="testcases.LoginTest" name="TC01" time="20.563"/>
  <testcase classname="testcases.LoginTest" name="TC02" time="13.134">
    <failure type="java.lang.AssertionError" message="Error: The error message displayed does not match the Excel requirements! expected [There was a problem with your login and/or errors exist in your form. ] but found [There was a problem with your login and/or errors exist in your form.]">
      <![CDATA[java.lang.AssertionError: Error: The error message displayed does not match the Excel requirements! expected [There was a problem with your login and/or errors exist in your form. ] but found [There was a problem with your login and/or errors exist in your form.]
at testcases.LoginTest.TC02(LoginTest.java:75)
at java.base/java.util.ArrayList.forEach(ArrayList.java:1604)
at com.intellij.rt.testng.IDEARemoteTestNG.run(IDEARemoteTestNG.java:65)
at com.intellij.rt.testng.RemoteTestNGStarter.main(RemoteTestNGStarter.java:105)
... Removed 27 stack frames]]>
    </failure>
  </testcase> <!-- TC02 -->
  <testcase classname="testcases.LoginTest" name="TC03" time="13.492">
    <failure type="java.lang.AssertionError" message="Error message is not displayed as expected expected [There was a problem with your login and/or errors exist in your form.] but found [Invalid username or password. Please try again.]">
      <![CDATA[java.lang.AssertionError: Error message is not displayed as expected expected [There was a problem with your login and/or errors exist in your form.] but found [Invalid username or password. Please try again.]
at testcases.LoginTest.TC03(LoginTest.java:95)
at java.base/java.util.ArrayList.forEach(ArrayList.java:1604)
at com.intellij.rt.testng.IDEARemoteTestNG.run(IDEARemoteTestNG.java:65)
at com.intellij.rt.testng.RemoteTestNGStarter.main(RemoteTestNGStarter.java:105)
... Removed 27 stack frames]]>
    </failure>
  </testcase> <!-- TC03 -->
  <testcase classname="testcases.LoginTest" name="TC04" time="9.229"/>
  <testcase classname="testcases.LoginTest" name="TC05" time="41.03">
    <failure type="java.lang.AssertionError" message="Error: The TC05 error message does not match the Excel requirements! expected [You have used 4 out of 5 login attempts. After all 5 have been used, you will be unable to login for 15 minutes.] but found [Invalid username or password. Please try again.]">
      <![CDATA[java.lang.AssertionError: Error: The TC05 error message does not match the Excel requirements! expected [You have used 4 out of 5 login attempts. After all 5 have been used, you will be unable to login for 15 minutes.] but found [Invalid username or password. Please try again.]
at testcases.LoginTest.TC05(LoginTest.java:139)
at java.base/java.util.ArrayList.forEach(ArrayList.java:1604)
at com.intellij.rt.testng.IDEARemoteTestNG.run(IDEARemoteTestNG.java:65)
at com.intellij.rt.testng.RemoteTestNGStarter.main(RemoteTestNGStarter.java:105)
... Removed 27 stack frames]]>
    </failure>
  </testcase> <!-- TC05 -->
  <testcase classname="testcases.LoginTest" name="TC06" time="16.675"/>
  <testcase classname="testcases.RegisterTest" name="TC07" time="17.085">
    <failure type="java.lang.AssertionError" message="Register success message is not displayed as expected expected [Thank you for registering your account] but found [Registration Confirmed! You can now log in to the site.]">
      <![CDATA[java.lang.AssertionError: Register success message is not displayed as expected expected [Thank you for registering your account] but found [Registration Confirmed! You can now log in to the site.]
at testcases.RegisterTest.TC07(RegisterTest.java:51)
at java.base/java.util.ArrayList.forEach(ArrayList.java:1604)
at com.intellij.rt.testng.IDEARemoteTestNG.run(IDEARemoteTestNG.java:65)
at com.intellij.rt.testng.RemoteTestNGStarter.main(RemoteTestNGStarter.java:105)
... Removed 27 stack frames]]>
    </failure>
  </testcase> <!-- TC07 -->
  <testcase classname="testcases.RegisterTest" name="TC08" time="16.936"/>
  <testcase classname="testcases.RegisterTest" name="TC10" time="16.175"/>
  <testcase classname="testcases.RegisterTest" name="TC11" time="19.952">
    <failure type="java.lang.AssertionError" message="Password error message is not displayed as expected expected [Invalid password length.] but found [Invalid password length]">
      <![CDATA[java.lang.AssertionError: Password error message is not displayed as expected expected [Invalid password length.] but found [Invalid password length]
at testcases.RegisterTest.TC11(RegisterTest.java:139)
at java.base/java.util.ArrayList.forEach(ArrayList.java:1604)
at com.intellij.rt.testng.IDEARemoteTestNG.run(IDEARemoteTestNG.java:65)
at com.intellij.rt.testng.RemoteTestNGStarter.main(RemoteTestNGStarter.java:105)
... Removed 27 stack frames]]>
    </failure>
  </testcase> <!-- TC11 -->
  <testcase classname="testcases.BookTicketTest" name="TC14" time="23.143"/>
  <testcase classname="testcases.BookTicketTest" name="TC15" time="20.229"/>
  <testcase classname="testcases.CancelTicketTest" name="TC16" time="31.588"/>
  <testcase classname="testcases.ChangePasswordTest" name="TC09" time="40.872">
    <failure type="java.lang.AssertionError" message="Change password success message is not displayed as expected expected [Your password has been updated] but found [Your password has been updated!]">
      <![CDATA[java.lang.AssertionError: Change password success message is not displayed as expected expected [Your password has been updated] but found [Your password has been updated!]
at testcases.ChangePasswordTest.TC09(ChangePasswordTest.java:59)
at java.base/java.util.ArrayList.forEach(ArrayList.java:1604)
at com.intellij.rt.testng.IDEARemoteTestNG.run(IDEARemoteTestNG.java:65)
at com.intellij.rt.testng.RemoteTestNGStarter.main(RemoteTestNGStarter.java:105)
... Removed 27 stack frames]]>
    </failure>
  </testcase> <!-- TC09 -->
  <testcase classname="testcases.ResetPasswordTest" name="TC12" time="22.791">
    <failure type="java.lang.AssertionError" message="Form error message is not displayed as expected expected [The password reset token is incorrect or may be expired. Visit the forgot password page to generate a new one.] but found [Could not reset password. Please correct the errors and try again.]">
      <![CDATA[java.lang.AssertionError: Form error message is not displayed as expected expected [The password reset token is incorrect or may be expired. Visit the forgot password page to generate a new one.] but found [Could not reset password. Please correct the errors and try again.]
at testcases.ResetPasswordTest.TC12(ResetPasswordTest.java:64)
at java.base/java.util.ArrayList.forEach(ArrayList.java:1604)
at com.intellij.rt.testng.IDEARemoteTestNG.run(IDEARemoteTestNG.java:65)
at com.intellij.rt.testng.RemoteTestNGStarter.main(RemoteTestNGStarter.java:105)
... Removed 27 stack frames]]>
    </failure>
  </testcase> <!-- TC12 -->
  <testcase classname="testcases.ResetPasswordTest" name="TC13" time="24.449"/>
</testsuite> <!-- RunAll -->
